### flu1978_school.json  (1978 English boarding-school influenza A/H1N1, $N=763$, 14 points)

![All models fit to flu1978_school.json](figs/flu1978_school_all_models.png)

**Fit quality (sorted best to worst):**

| Rank | Model | RMSE | RMSE / peak | cond($J^\top J$) |
|---|---|---|---|---|
| 1 | **SEIR** | 14.64 | 4.91% | 2.08e+05 |
| 2 | **SIR** | 16.64 | 5.58% | 4.53e+00 |
| 3 | **modif_SEDIS** | 35.40 | 11.88% | 6.85e+16 |
| 4 | **SEDPNR** | 42.75 | 14.34% | 1.98e+18 |
| 5 | **SEDIS** | 72.25 | 24.24% | 1.75e+17 |
| 6 | **SEPNS** | 91.48 | 30.70% | 2.01e+09 |
| 7 | **SIS** | 93.89 | 31.51% | 7.12e+02 |
| 8 | **SI** | 143.02 | 47.99% | 1.00e+00 |

**Parameter estimates** $\hat\theta_k \pm \sigma_k$ (Theorem 38; $\sigma_k=\sqrt{(A^{-1})_{kk}\,(\beta-\Phi(\hat\theta))}$ with $A=J^\top J$, $\beta=\Phi(\hat\theta)\,n/(n-p)$):

**SEIR** — RMSE = 14.64

| Параметр | Оцінка $\hat\theta_k$ | Похибка $\sigma_k$ |
|---|---|---|
| $\beta$ | $5.445$ | $2.221$ |
| $\sigma$ | $0.7694$ | $0.1929$ |
| $\gamma$ | $0.4684$ | $0.01863$ |

Латентні початкові умови (nuisance-параметри): $E_0 = 1.366e-15 \pm 7.563$

**SIR** — RMSE = 16.64

| Параметр | Оцінка $\hat\theta_k$ | Похибка $\sigma_k$ |
|---|---|---|
| $\beta$ | $1.7$ | $0.02978$ |
| $\gamma$ | $0.4469$ | $0.01513$ |

**modif_SEDIS** — RMSE = 35.40

| Параметр | Оцінка $\hat\theta_k$ | Похибка $\sigma_k$ |
|---|---|---|
| $\alpha$ | $0.004948$ | $0.7858$ |
| $\beta_1$ | $1.947$ | $1.811e+4$ |
| $\beta_2$ | $4.727$ | $1.137e+4$ |
| $\gamma$ | $2.749e-19$ | $4.257$ |
| $\mu_1$ | $1.709e-12$ | $797.5$ |
| $\mu_2$ | $2.746e-19$ | $10.57$ |
| $\mu_3$ | $0.7859$ | $7362$ |

Латентні початкові умови (nuisance-параметри): $E_0 = 2.528e-16 \pm 4626$, $D_0 = 1.691e-15 \pm 1.106e+5$

**SEDPNR** — RMSE = 42.75

| Параметр | Оцінка $\hat\theta_k$ | Похибка $\sigma_k$ |
|---|---|---|
| $\alpha$ | $0.6516$ | $1.166e+7$ |
| $\beta_1$ | $3.313e-10$ | $4.915e+4$ |
| $\beta_2$ | $7.832e-11$ | $4.172e+4$ |
| $\beta_3$ | $3.438e-8$ | $4.619e+4$ |
| $\beta_4$ | $0.6515$ | $1.733e+7$ |
| $\gamma$ | $0.6516$ | $2.876e+7$ |
| $\lambda_1$ | $5.991$ | $2.255e+7$ |
| $\lambda_2$ | $0.4195$ | $2171$ |
| $\mu_1$ | $6.927e-11$ | $2759$ |
| $\mu_2$ | $6.552e-11$ | $1427$ |

Латентні початкові умови (nuisance-параметри): $E_0 = 6.776e-11 \pm 5.330e+7$, $D_0 = 6.508e-11 \pm 5.714e+6$

**SEDIS** — RMSE = 72.25

| Параметр | Оцінка $\hat\theta_k$ | Похибка $\sigma_k$ |
|---|---|---|
| $\alpha$ | $0.6491$ | $3.013e+6$ |
| $\beta_1$ | $0.3496$ | $7.957e+6$ |
| $\beta_2$ | $0.2996$ | $1.389e+6$ |
| $\gamma$ | $4.536e-11$ | $3.972e+6$ |
| $\mu_1$ | $2.796e-9$ | $4.645e+6$ |
| $\mu_2$ | $3.591e-11$ | $8.606e+6$ |
| $\mu_3$ | $0.2545$ | $2.034e+4$ |

Латентні початкові умови (nuisance-параметри): $E_0 = 4.979e-9 \pm 2.184e+5$, $D_0 = 1.520e-6 \pm 1.235e+7$

**SEPNS** — RMSE = 91.48

| Параметр | Оцінка $\hat\theta_k$ | Похибка $\sigma_k$ |
|---|---|---|
| $\alpha$ | $6$ | $1385$ |
| $\beta_1$ | $5.982$ | $9618$ |
| $\beta_2$ | $5.996$ | $6878$ |
| $\mu_1$ | $4.43$ | $784.2$ |
| $\mu_2$ | $4.425$ | $3.233$ |
| $\mu_e$ | $5.462e-9$ | $3670$ |

Латентні початкові умови (nuisance-параметри): $E_0 = 15.19 \pm 3627$

**SIS** — RMSE = 93.89

| Параметр | Оцінка $\hat\theta_k$ | Похибка $\sigma_k$ |
|---|---|---|
| $\beta$ | $6$ | $3.32$ |
| $\gamma$ | $4.725$ | $2.807$ |

**SI** — RMSE = 143.02

| Параметр | Оцінка $\hat\theta_k$ | Похибка $\sigma_k$ |
|---|---|---|
| $\beta$ | $0.2702$ | $0.09897$ |


---

### COVID_Germany_2020.json  (Germany, $N=83,200,000$, 122 points)

![All models fit to COVID_Germany_2020.json](figs/COVID_Germany_2020_all_models.png)

**Fit quality (sorted best to worst):**

| Rank | Model | RMSE | RMSE / peak | cond($J^\top J$) |
|---|---|---|---|---|
| 1 | **SEIR** | 6,716.53 | 10.29% | 3.50e+07 |
| 2 | **SIR** | 11,765.87 | 18.03% | 4.60e+03 |
| 3 | **SEDPNR** | 17,053.08 | 26.13% | 1.14e+15 |
| 4 | **SEDIS** | 17,767.14 | 27.23% | 7.70e+13 |
| 5 | **SEPNS** | 24,723.41 | 37.89% | 9.76e+10 |
| 6 | **modif_SEDIS** | 25,231.71 | 38.67% | 1.82e+41 |
| 7 | **SIS** | 26,968.08 | 41.33% | 8.86e+10 |
| 8 | **SI** | 26,972.36 | 41.33% | 1.00e+00 |

**Parameter estimates** $\hat\theta_k \pm \sigma_k$ (Theorem 38; $\sigma_k=\sqrt{(A^{-1})_{kk}\,(\beta-\Phi(\hat\theta))}$ with $A=J^\top J$, $\beta=\Phi(\hat\theta)\,n/(n-p)$):

**SEIR** — RMSE = 6,716.53

| Параметр | Оцінка $\hat\theta_k$ | Похибка $\sigma_k$ |
|---|---|---|
| $\beta$ | $4.245$ | $0.01618$ |
| $\sigma$ | $5.995$ | $0.0396$ |
| $\gamma$ | $4.035$ | $0.01485$ |

Латентні початкові умови (nuisance-параметри): $E_0 = 2010 \pm 9.942$

**SIR** — RMSE = 11,765.87

| Параметр | Оцінка $\hat\theta_k$ | Похибка $\sigma_k$ |
|---|---|---|
| $\beta$ | $4.635$ | $0.09304$ |
| $\gamma$ | $4.445$ | $0.09276$ |

**SEDPNR** — RMSE = 17,053.08

| Параметр | Оцінка $\hat\theta_k$ | Похибка $\sigma_k$ |
|---|---|---|
| $\alpha$ | $0.01649$ | $8.336$ |
| $\beta_1$ | $0.006385$ | $5.261$ |
| $\beta_2$ | $0.009207$ | $1.079$ |
| $\beta_3$ | $0.0149$ | $15.36$ |
| $\beta_4$ | $0.01689$ | $4.146$ |
| $\gamma$ | $2.797$ | $23.33$ |
| $\lambda_1$ | $5.867$ | $3.038e+4$ |
| $\lambda_2$ | $5.848$ | $2.649e+4$ |
| $\mu_1$ | $3.846$ | $436.9$ |
| $\mu_2$ | $0.08461$ | $12.02$ |

Латентні початкові умови (nuisance-параметри): $E_0 = 42.15 \pm 468$, $D_0 = 1772 \pm 2.252e+4$

**SEDIS** — RMSE = 17,767.14

| Параметр | Оцінка $\hat\theta_k$ | Похибка $\sigma_k$ |
|---|---|---|
| $\alpha$ | $4.984e-4$ | $3.508e-4$ |
| $\beta_1$ | $5.775$ | $1.634$ |
| $\beta_2$ | $0.4204$ | $0.1994$ |
| $\gamma$ | $0.4001$ | $0.3622$ |
| $\mu_1$ | $5.616$ | $1.032$ |
| $\mu_2$ | $5.495$ | $0.8444$ |
| $\mu_3$ | $0.1257$ | $0.07774$ |

Латентні початкові умови (nuisance-параметри): $E_0 = 1230 \pm 340.7$, $D_0 = 27.17 \pm 8.701$

**SEPNS** — RMSE = 24,723.41

| Параметр | Оцінка $\hat\theta_k$ | Похибка $\sigma_k$ |
|---|---|---|
| $\alpha$ | $0.174$ | $0.9994$ |
| $\beta_1$ | $5.406$ | $17.98$ |
| $\beta_2$ | $5.605$ | $16.51$ |
| $\mu_1$ | $0.1357$ | $0.6083$ |
| $\mu_2$ | $0.1806$ | $2.981$ |
| $\mu_e$ | $1.881e-4$ | $5.926$ |

Латентні початкові умови (nuisance-параметри): $E_0 = 2014 \pm 721.8$

**modif_SEDIS** — RMSE = 25,231.71

| Параметр | Оцінка $\hat\theta_k$ | Похибка $\sigma_k$ |
|---|---|---|
| $\alpha$ | $7.082e-8$ | $1.802e-11$ |
| $\beta_1$ | $0.7779$ | $0$ |
| $\beta_2$ | $5$ | $4.420e+5$ |
| $\gamma$ | $2.97$ | $0$ |
| $\mu_1$ | $4.491$ | $0$ |
| $\mu_2$ | $0.7883$ | $0$ |
| $\mu_3$ | $3.191$ | $0$ |

Латентні початкові умови (nuisance-параметри): $E_0 = 1669 \pm 0$, $D_0 = 1285 \pm 0$

**SIS** — RMSE = 26,968.08

| Параметр | Оцінка $\hat\theta_k$ | Похибка $\sigma_k$ |
|---|---|---|
| $\beta$ | $6$ | $721.5$ |
| $\gamma$ | $5.959$ | $721.5$ |

**SI** — RMSE = 26,972.36

| Параметр | Оцінка $\hat\theta_k$ | Похибка $\sigma_k$ |
|---|---|---|
| $\beta$ | $0.041$ | $0.004792$ |
